{"/Users/barbaroreyes/react-amplify-restaurant/rest-test/interview/fizzbuss.js": {"path":"/Users/barbaroreyes/react-amplify-restaurant/rest-test/interview/fizzbuss.js","all":false,"statementMap":{"0":{"start":{"line":1,"column":0},"end":{"line":1,"column":0}},"1":{"start":{"line":2,"column":0},"end":{"line":2,"column":27}},"2":{"start":{"line":3,"column":0},"end":{"line":3,"column":31}},"3":{"start":{"line":4,"column":0},"end":{"line":4,"column":6}},"4":{"start":{"line":5,"column":0},"end":{"line":5,"column":50}},"5":{"start":{"line":6,"column":0},"end":{"line":6,"column":5}},"6":{"start":{"line":7,"column":0},"end":{"line":7,"column":24}},"7":{"start":{"line":8,"column":0},"end":{"line":8,"column":54}},"8":{"start":{"line":9,"column":0},"end":{"line":9,"column":45}},"9":{"start":{"line":10,"column":0},"end":{"line":10,"column":25}},"10":{"start":{"line":11,"column":0},"end":{"line":11,"column":5}},"11":{"start":{"line":12,"column":0},"end":{"line":12,"column":3}},"12":{"start":{"line":13,"column":0},"end":{"line":13,"column":21}},"13":{"start":{"line":14,"column":0},"end":{"line":14,"column":17}},"14":{"start":{"line":15,"column":0},"end":{"line":15,"column":1}},"15":{"start":{"line":16,"column":0},"end":{"line":16,"column":16}},"16":{"start":{"line":17,"column":0},"end":{"line":17,"column":17}},"17":{"start":{"line":18,"column":0},"end":{"line":18,"column":1}},"18":{"start":{"line":19,"column":0},"end":{"line":19,"column":0}},"19":{"start":{"line":20,"column":0},"end":{"line":20,"column":0}},"20":{"start":{"line":21,"column":0},"end":{"line":21,"column":10}},"21":{"start":{"line":22,"column":0},"end":{"line":22,"column":1}},"22":{"start":{"line":23,"column":0},"end":{"line":23,"column":24}},"23":{"start":{"line":24,"column":0},"end":{"line":24,"column":34}},"24":{"start":{"line":25,"column":0},"end":{"line":25,"column":42}},"25":{"start":{"line":26,"column":0},"end":{"line":26,"column":5}},"26":{"start":{"line":27,"column":0},"end":{"line":27,"column":1}},"27":{"start":{"line":28,"column":0},"end":{"line":28,"column":11}},"28":{"start":{"line":29,"column":0},"end":{"line":29,"column":0}},"29":{"start":{"line":30,"column":0},"end":{"line":30,"column":26}}},"s":{"0":1,"1":1,"2":24,"3":1,"4":1,"5":1,"6":24,"7":22,"8":24,"9":2,"10":2,"11":20,"12":24,"13":6,"14":6,"15":24,"16":4,"17":4,"18":10,"19":10,"20":10,"21":10,"22":1,"23":1,"24":17,"25":17,"26":1,"27":1,"28":1,"29":1},"branchMap":{"0":{"type":"branch","line":2,"loc":{"start":{"line":2,"column":18},"end":{"line":22,"column":1}},"locations":[{"start":{"line":2,"column":18},"end":{"line":22,"column":1}}]},"1":{"type":"branch","line":3,"loc":{"start":{"line":3,"column":30},"end":{"line":6,"column":5}},"locations":[{"start":{"line":3,"column":30},"end":{"line":6,"column":5}}]},"2":{"type":"branch","line":7,"loc":{"start":{"line":7,"column":-1},"end":{"line":7,"column":7}},"locations":[{"start":{"line":7,"column":-1},"end":{"line":7,"column":7}}]},"3":{"type":"branch","line":7,"loc":{"start":{"line":7,"column":16},"end":{"line":7,"column":23}},"locations":[{"start":{"line":7,"column":16},"end":{"line":7,"column":23}}]},"4":{"type":"branch","line":7,"loc":{"start":{"line":7,"column":16},"end":{"line":9,"column":12}},"locations":[{"start":{"line":7,"column":16},"end":{"line":9,"column":12}}]},"5":{"type":"branch","line":9,"loc":{"start":{"line":9,"column":3},"end":{"line":9,"column":35}},"locations":[{"start":{"line":9,"column":3},"end":{"line":9,"column":35}}]},"6":{"type":"branch","line":9,"loc":{"start":{"line":9,"column":44},"end":{"line":11,"column":5}},"locations":[{"start":{"line":9,"column":44},"end":{"line":11,"column":5}}]},"7":{"type":"branch","line":12,"loc":{"start":{"line":12,"column":-1},"end":{"line":13,"column":3}},"locations":[{"start":{"line":12,"column":-1},"end":{"line":13,"column":3}}]},"8":{"type":"branch","line":13,"loc":{"start":{"line":13,"column":20},"end":{"line":15,"column":1}},"locations":[{"start":{"line":13,"column":20},"end":{"line":15,"column":1}}]},"9":{"type":"branch","line":16,"loc":{"start":{"line":16,"column":-1},"end":{"line":16,"column":3}},"locations":[{"start":{"line":16,"column":-1},"end":{"line":16,"column":3}}]},"10":{"type":"branch","line":16,"loc":{"start":{"line":16,"column":15},"end":{"line":18,"column":1}},"locations":[{"start":{"line":16,"column":15},"end":{"line":18,"column":1}}]},"11":{"type":"branch","line":19,"loc":{"start":{"line":19,"column":-1},"end":{"line":22,"column":1}},"locations":[{"start":{"line":19,"column":-1},"end":{"line":22,"column":1}}]},"12":{"type":"branch","line":8,"loc":{"start":{"line":8,"column":23},"end":{"line":8,"column":54}},"locations":[{"start":{"line":8,"column":23},"end":{"line":8,"column":54}}]},"13":{"type":"branch","line":23,"loc":{"start":{"line":23,"column":15},"end":{"line":27,"column":1}},"locations":[{"start":{"line":23,"column":15},"end":{"line":27,"column":1}}]},"14":{"type":"branch","line":24,"loc":{"start":{"line":24,"column":33},"end":{"line":26,"column":5}},"locations":[{"start":{"line":24,"column":33},"end":{"line":26,"column":5}}]}},"b":{"0":[24],"1":[1],"2":[23],"3":[1],"4":[22],"5":[8],"6":[2],"7":[20],"8":[6],"9":[14],"10":[4],"11":[10],"12":[50],"13":[1],"14":[17]},"fnMap":{"0":{"name":"fizzbuss","decl":{"start":{"line":2,"column":18},"end":{"line":22,"column":1}},"loc":{"start":{"line":2,"column":18},"end":{"line":22,"column":1}},"line":2},"1":{"name":"divisible","decl":{"start":{"line":8,"column":23},"end":{"line":8,"column":54}},"loc":{"start":{"line":8,"column":23},"end":{"line":8,"column":54}},"line":8},"2":{"name":"print","decl":{"start":{"line":23,"column":15},"end":{"line":27,"column":1}},"loc":{"start":{"line":23,"column":15},"end":{"line":27,"column":1}},"line":23}},"f":{"0":24,"1":50,"2":1}}
}
