TN:
SF:fizzbuss.js
FN:2,fizzbuss
FN:8,divisible
FN:23,print
FNF:3
FNH:3
FNDA:24,fizzbuss
FNDA:50,divisible
FNDA:1,print
DA:1,1
DA:2,1
DA:3,24
DA:4,1
DA:5,1
DA:6,1
DA:7,24
DA:8,22
DA:9,24
DA:10,2
DA:11,2
DA:12,20
DA:13,24
DA:14,6
DA:15,6
DA:16,24
DA:17,4
DA:18,4
DA:19,10
DA:20,10
DA:21,10
DA:22,10
DA:23,1
DA:24,1
DA:25,17
DA:26,17
DA:27,1
DA:28,1
DA:29,1
DA:30,1
LF:30
LH:30
BRDA:2,0,0,24
BRDA:3,1,0,1
BRDA:7,2,0,23
BRDA:7,3,0,1
BRDA:7,4,0,22
BRDA:9,5,0,8
BRDA:9,6,0,2
BRDA:12,7,0,20
BRDA:13,8,0,6
BRDA:16,9,0,14
BRDA:16,10,0,4
BRDA:19,11,0,10
BRDA:8,12,0,50
BRDA:23,13,0,1
BRDA:24,14,0,17
BRF:15
BRH:15
end_of_record
